0 info it worked if it ends with ok
1 verbose cli [ '/usr/bin/nodejs', '/usr/bin/npm', 'run', 'test' ]
2 info using npm@4.1.2
3 info using node@v7.5.0
4 verbose run-script [ 'pretest', 'test', 'posttest' ]
5 info lifecycle processing-api@0.0.37~pretest: processing-api@0.0.37
6 silly lifecycle processing-api@0.0.37~pretest: no script for pretest, continuing
7 info lifecycle processing-api@0.0.37~test: processing-api@0.0.37
8 verbose lifecycle processing-api@0.0.37~test: unsafe-perm in lifecycle true
9 verbose lifecycle processing-api@0.0.37~test: PATH: /usr/lib/node_modules/npm/bin/node-gyp-bin:/home/webstar/Work/processing-api/node_modules/.bin:/usr/local/sbin:/usr/local/bin:/usr/sbin:/usr/bin:/sbin:/bin:/usr/games:/usr/local/games:/snap/bin
10 verbose lifecycle processing-api@0.0.37~test: CWD: /home/webstar/Work/processing-api
11 silly lifecycle processing-api@0.0.37~test: Args: [ '-c',
11 silly lifecycle   'LOG_MUTE=1 ./node_modules/.bin/istanbul test ./node_modules/.bin/_mocha -- --timeout 30000 -R spec' ]
12 silly lifecycle processing-api@0.0.37~test: Returned: code: 7  signal: null
13 info lifecycle processing-api@0.0.37~test: Failed to exec test script
14 verbose stack Error: processing-api@0.0.37 test: `LOG_MUTE=1 ./node_modules/.bin/istanbul test ./node_modules/.bin/_mocha -- --timeout 30000 -R spec`
14 verbose stack Exit status 7
14 verbose stack     at EventEmitter.<anonymous> (/usr/lib/node_modules/npm/lib/utils/lifecycle.js:279:16)
14 verbose stack     at emitTwo (events.js:106:13)
14 verbose stack     at EventEmitter.emit (events.js:192:7)
14 verbose stack     at ChildProcess.<anonymous> (/usr/lib/node_modules/npm/lib/utils/spawn.js:40:14)
14 verbose stack     at emitTwo (events.js:106:13)
14 verbose stack     at ChildProcess.emit (events.js:192:7)
14 verbose stack     at maybeClose (internal/child_process.js:890:16)
14 verbose stack     at Process.ChildProcess._handle.onexit (internal/child_process.js:226:5)
15 verbose pkgid processing-api@0.0.37
16 verbose cwd /home/webstar/Work/processing-api
17 error Linux 4.4.0-62-generic
18 error argv "/usr/bin/nodejs" "/usr/bin/npm" "run" "test"
19 error node v7.5.0
20 error npm  v4.1.2
21 error code ELIFECYCLE
22 error processing-api@0.0.37 test: `LOG_MUTE=1 ./node_modules/.bin/istanbul test ./node_modules/.bin/_mocha -- --timeout 30000 -R spec`
22 error Exit status 7
23 error Failed at the processing-api@0.0.37 test script 'LOG_MUTE=1 ./node_modules/.bin/istanbul test ./node_modules/.bin/_mocha -- --timeout 30000 -R spec'.
23 error Make sure you have the latest version of node.js and npm installed.
23 error If you do, this is most likely a problem with the processing-api package,
23 error not with npm itself.
23 error Tell the author that this fails on your system:
23 error     LOG_MUTE=1 ./node_modules/.bin/istanbul test ./node_modules/.bin/_mocha -- --timeout 30000 -R spec
23 error You can get information on how to open an issue for this project with:
23 error     npm bugs processing-api
23 error Or if that isn't available, you can get their info via:
23 error     npm owner ls processing-api
23 error There is likely additional logging output above.
24 verbose exit [ 1, true ]
